Vivado Simulator 2020.2
Copyright 1986-1999, 2001-2020 Xilinx, Inc. All Rights Reserved.
Running: D:/Vivado/2020.2/bin/unwrapped/win64.o/xelab.exe -wto 3e0f34c761c141efa281776af1adb02d --incr --debug typical --relax --mt 2 -L xil_defaultlib -L unisims_ver -L unimacro_ver -L secureip --snapshot multi_u_tst_behav xil_defaultlib.multi_u_tst xil_defaultlib.glbl -log elaborate.log 
Using 2 slave threads.
Starting static elaboration
Pass Through NonSizing Optimizer
WARNING: [VRFC 10-3091] actual bit length 32 differs from formal bit length 1 for port 'sub' [E:/vivado/lab_7_2_multi_8b/lab_7_2_multi_8b.srcs/sources_1/new/ALU8.v:33]
WARNING: [VRFC 10-3091] actual bit length 32 differs from formal bit length 1 for port 'sub' [E:/vivado/lab_7_2_multi_8b/lab_7_2_multi_8b.srcs/sources_1/new/ALU8.v:34]
Completed static elaboration
Starting simulation data flow analysis
Completed simulation data flow analysis
Time Resolution for simulation is 1ps
Compiling module xil_defaultlib.FA
Compiling module xil_defaultlib.CLU4
Compiling module xil_defaultlib.CLA4
Compiling module xil_defaultlib.CLA8
Compiling module xil_defaultlib.Adder8
Compiling module xil_defaultlib.ALU8
Compiling module xil_defaultlib.multi_8b
Compiling module xil_defaultlib.multi_u_tst
Compiling module xil_defaultlib.glbl
Built simulation snapshot multi_u_tst_behav
