Copyright 1986-2020 Xilinx, Inc. All Rights Reserved.
-----------------------------------------------------------------------------------------------------------------------------------------------------------
| Tool Version : Vivado v.2020.2 (win64) Build 3064766 Wed Nov 18 09:12:45 MST 2020
| Date         : Tue Sep 27 09:49:07 2022
| Host         : fuck running 64-bit major release  (build 9200)
| Command      : report_methodology -file dec7seg_methodology_drc_routed.rpt -pb dec7seg_methodology_drc_routed.pb -rpx dec7seg_methodology_drc_routed.rpx
| Design       : dec7seg
| Device       : xc7a100tcsg324-1
| Speed File   : -1
| Design State : Fully Routed
-----------------------------------------------------------------------------------------------------------------------------------------------------------

Report Methodology

Table of Contents
-----------------
1. REPORT SUMMARY
2. REPORT DETAILS

1. REPORT SUMMARY
-----------------
            Netlist: netlist
          Floorplan: design_1
      Design limits: <entire design considered>
             Max violations: <unlimited>
             Violations found: 7
+-----------+----------+-------------------+------------+
| Rule      | Severity | Description       | Violations |
+-----------+----------+-------------------+------------+
| TIMING-20 | Warning  | Non-clocked latch | 7          |
+-----------+----------+-------------------+------------+

2. REPORT DETAILS
-----------------
TIMING-20#1 Warning
Non-clocked latch  
The latch O_seg_reg[0] cannot be properly analyzed as its control pin O_seg_reg[0]/G is not reached by a timing clock
Related violations: <none>

TIMING-20#2 Warning
Non-clocked latch  
The latch O_seg_reg[1] cannot be properly analyzed as its control pin O_seg_reg[1]/G is not reached by a timing clock
Related violations: <none>

TIMING-20#3 Warning
Non-clocked latch  
The latch O_seg_reg[2] cannot be properly analyzed as its control pin O_seg_reg[2]/G is not reached by a timing clock
Related violations: <none>

TIMING-20#4 Warning
Non-clocked latch  
The latch O_seg_reg[3] cannot be properly analyzed as its control pin O_seg_reg[3]/G is not reached by a timing clock
Related violations: <none>

TIMING-20#5 Warning
Non-clocked latch  
The latch O_seg_reg[4] cannot be properly analyzed as its control pin O_seg_reg[4]/G is not reached by a timing clock
Related violations: <none>

TIMING-20#6 Warning
Non-clocked latch  
The latch O_seg_reg[5] cannot be properly analyzed as its control pin O_seg_reg[5]/G is not reached by a timing clock
Related violations: <none>

TIMING-20#7 Warning
Non-clocked latch  
The latch O_seg_reg[6] cannot be properly analyzed as its control pin O_seg_reg[6]/G is not reached by a timing clock
Related violations: <none>


