Copyright 1986-2020 Xilinx, Inc. All Rights Reserved.
-------------------------------------------------------------------------------------
| Tool Version : Vivado v.2020.2 (win64) Build 3064766 Wed Nov 18 09:12:45 MST 2020
| Date         : Tue Nov  8 20:48:26 2022
| Host         : fuck running 64-bit major release  (build 9200)
| Command      : report_control_sets -verbose -file inoutlab_control_sets_placed.rpt
| Design       : inoutlab
| Device       : xc7a100t
-------------------------------------------------------------------------------------

Control Set Information

Table of Contents
-----------------
1. Summary
2. Histogram
3. Flip-Flop Distribution
4. Detailed Control Set Information

1. Summary
----------

+----------------------------------------------------------+-------+
|                          Status                          | Count |
+----------------------------------------------------------+-------+
| Total control sets                                       |    18 |
|    Minimum number of control sets                        |    18 |
|    Addition due to synthesis replication                 |     0 |
|    Addition due to physical synthesis replication        |     0 |
| Unused register locations in slices containing registers |    90 |
+----------------------------------------------------------+-------+
* Control sets can be merged at opt_design using control_set_merge or merge_equivalent_drivers
** Run report_qor_suggestions for automated merging and remapping suggestions


2. Histogram
------------

+--------------------+-------+
|       Fanout       | Count |
+--------------------+-------+
| Total control sets |    18 |
| >= 0 to < 4        |    10 |
| >= 4 to < 6        |     2 |
| >= 6 to < 8        |     1 |
| >= 8 to < 10       |     3 |
| >= 10 to < 12      |     0 |
| >= 12 to < 14      |     0 |
| >= 14 to < 16      |     0 |
| >= 16              |     2 |
+--------------------+-------+
* Control sets can be remapped at either synth_design or opt_design


3. Flip-Flop Distribution
-------------------------

+--------------+-----------------------+------------------------+-----------------+--------------+
| Clock Enable | Synchronous Set/Reset | Asynchronous Set/Reset | Total Registers | Total Slices |
+--------------+-----------------------+------------------------+-----------------+--------------+
| No           | No                    | No                     |              35 |           15 |
| No           | No                    | Yes                    |               0 |            0 |
| No           | Yes                   | No                     |               0 |            0 |
| Yes          | No                    | No                     |              12 |            5 |
| Yes          | No                    | Yes                    |               0 |            0 |
| Yes          | Yes                   | No                     |              47 |           19 |
+--------------+-----------------------+------------------------+-----------------+--------------+


4. Detailed Control Set Information
-----------------------------------

+--------------------------+-------------------------------------+---------------------------------+------------------+----------------+--------------+
|       Clock Signal       |            Enable Signal            |         Set/Reset Signal        | Slice Load Count | Bel Load Count | Bels / Slice |
+--------------------------+-------------------------------------+---------------------------------+------------------+----------------+--------------+
|  CLK50MHZ_BUFG           | kbscancode/debounce/clear           |                                 |                1 |              1 |         1.00 |
|  CLK50MHZ_BUFG           | kbscancode/debounce/O01_out         |                                 |                1 |              1 |         1.00 |
|  CLK50MHZ_BUFG           | kbscancode/debounce/O10_out         |                                 |                1 |              1 |         1.00 |
|  CLK50MHZ_BUFG           | kbscancode/debounce/Iv1_i_1_n_0     |                                 |                1 |              1 |         1.00 |
|  CLK50MHZ_BUFG           | kbscancode/Is_Caps                  | kbscancode/flag_reg_0           |                1 |              1 |         1.00 |
|  CLK50MHZ_BUFG           | kbscancode/Is_Num                   | kbscancode/flag_reg_0           |                1 |              1 |         1.00 |
|  CLK50MHZ_BUFG           | kbscancode/Is_Ctrl                  | kbscancode/flag_reg_0           |                1 |              1 |         1.00 |
|  CLK50MHZ_BUFG           | kbscancode/Is_Alt                   | kbscancode/flag_reg_0           |                1 |              1 |         1.00 |
|  CLK50MHZ_BUFG           | kbscancode/Is_Shift                 | kbscancode/flag_reg_0           |                1 |              1 |         1.00 |
|  CLK50MHZ_BUFG           | kbscancode/pressing                 | kbscancode/flag_reg_0           |                1 |              1 |         1.00 |
| ~kbscancode/debounce/O0  | kbscancode/cnt                      | kbscancode/cnt[3]_i_1_n_0       |                1 |              4 |         4.00 |
|  CLK50MHZ_BUFG           | kbscancode/debounce/cnt1[4]_i_1_n_0 | kbscancode/debounce/Iv1_i_1_n_0 |                2 |              5 |         2.50 |
|  CLK50MHZ_BUFG           |                                     |                                 |                3 |              6 |         2.00 |
|  CLK50MHZ_BUFG           | kbscancode/E[0]                     | BTNC_IBUF                       |                2 |              8 |         4.00 |
|  kbscancode/flag_reg_n_0 | kbscancode/keycode[7]_i_1_n_0       |                                 |                1 |              8 |         8.00 |
| ~kbscancode/debounce/O0  |                                     |                                 |                4 |              9 |         2.25 |
|  CLK100MHZ_IBUF_BUFG     |                                     |                                 |                8 |             20 |         2.50 |
|  CLK50MHZ_BUFG           | kbscancode/keycode_reg[4]_0[0]      | BTNC_IBUF                       |                8 |             24 |         3.00 |
+--------------------------+-------------------------------------+---------------------------------+------------------+----------------+--------------+


