
*** Running vivado
    with args -log multi_8b.vds -m64 -product Vivado -mode batch -messageDb vivado.pb -notrace -source multi_8b.tcl



****** Vivado v2020.2 (64-bit)
  **** SW Build 3064766 on Wed Nov 18 09:12:45 MST 2020
  **** IP Build 3064653 on Wed Nov 18 14:17:31 MST 2020
    ** Copyright 1986-2020 Xilinx, Inc. All Rights Reserved.

source multi_8b.tcl -notrace
Command: synth_design -top multi_8b -part xc7a100tcsg324-1
Starting synth_design
Attempting to get a license for feature 'Synthesis' and/or device 'xc7a100t'
INFO: [Common 17-349] Got license for feature 'Synthesis' and/or device 'xc7a100t'
INFO: [Device 21-403] Loading part xc7a100tcsg324-1
INFO: [Synth 8-7079] Multithreading enabled for synth_design using a maximum of 2 processes.
INFO: [Synth 8-7078] Launching helper process for spawning children vivado processes
INFO: [Synth 8-7075] Helper process launched with PID 7452
---------------------------------------------------------------------------------
Starting RTL Elaboration : Time (s): cpu = 00:00:03 ; elapsed = 00:00:04 . Memory (MB): peak = 1018.051 ; gain = 0.000
---------------------------------------------------------------------------------
INFO: [Synth 8-6157] synthesizing module 'multi_8b' [E:/vivado/lab_7_2_multi_8b/lab_7_2_multi_8b.srcs/sources_1/new/multi_8b.v:23]
	Parameter ALU_ADD bound to: 4'b0000 
INFO: [Synth 8-6157] synthesizing module 'ALU8' [E:/vivado/lab_7_2_multi_8b/lab_7_2_multi_8b.srcs/sources_1/new/ALU8.v:23]
INFO: [Synth 8-6157] synthesizing module 'Adder8' [E:/vivado/lab_7_2_multi_8b/lab_7_2_multi_8b.srcs/sources_1/new/Adder8.v:23]
INFO: [Synth 8-6157] synthesizing module 'CLA8' [E:/vivado/lab_7_2_multi_8b/lab_7_2_multi_8b.srcs/sources_1/new/CLA8.v:23]
INFO: [Synth 8-6157] synthesizing module 'CLA4' [E:/vivado/lab_7_2_multi_8b/lab_7_2_multi_8b.srcs/sources_1/new/CLA4.v:23]
INFO: [Synth 8-6157] synthesizing module 'FA' [E:/vivado/lab_7_2_multi_8b/lab_7_2_multi_8b.srcs/sources_1/new/FA.v:23]
INFO: [Synth 8-6155] done synthesizing module 'FA' (1#1) [E:/vivado/lab_7_2_multi_8b/lab_7_2_multi_8b.srcs/sources_1/new/FA.v:23]
INFO: [Synth 8-6157] synthesizing module 'CLU4' [E:/vivado/lab_7_2_multi_8b/lab_7_2_multi_8b.srcs/sources_1/new/CLU4.v:23]
INFO: [Synth 8-6155] done synthesizing module 'CLU4' (2#1) [E:/vivado/lab_7_2_multi_8b/lab_7_2_multi_8b.srcs/sources_1/new/CLU4.v:23]
INFO: [Synth 8-6155] done synthesizing module 'CLA4' (3#1) [E:/vivado/lab_7_2_multi_8b/lab_7_2_multi_8b.srcs/sources_1/new/CLA4.v:23]
INFO: [Synth 8-6155] done synthesizing module 'CLA8' (4#1) [E:/vivado/lab_7_2_multi_8b/lab_7_2_multi_8b.srcs/sources_1/new/CLA8.v:23]
INFO: [Synth 8-6155] done synthesizing module 'Adder8' (5#1) [E:/vivado/lab_7_2_multi_8b/lab_7_2_multi_8b.srcs/sources_1/new/Adder8.v:23]
INFO: [Synth 8-6155] done synthesizing module 'ALU8' (6#1) [E:/vivado/lab_7_2_multi_8b/lab_7_2_multi_8b.srcs/sources_1/new/ALU8.v:23]
INFO: [Synth 8-6155] done synthesizing module 'multi_8b' (7#1) [E:/vivado/lab_7_2_multi_8b/lab_7_2_multi_8b.srcs/sources_1/new/multi_8b.v:23]
---------------------------------------------------------------------------------
Finished RTL Elaboration : Time (s): cpu = 00:00:03 ; elapsed = 00:00:06 . Memory (MB): peak = 1018.051 ; gain = 0.000
---------------------------------------------------------------------------------
---------------------------------------------------------------------------------
Start Handling Custom Attributes
---------------------------------------------------------------------------------
---------------------------------------------------------------------------------
Finished Handling Custom Attributes : Time (s): cpu = 00:00:04 ; elapsed = 00:00:06 . Memory (MB): peak = 1018.051 ; gain = 0.000
---------------------------------------------------------------------------------
---------------------------------------------------------------------------------
Finished RTL Optimization Phase 1 : Time (s): cpu = 00:00:04 ; elapsed = 00:00:06 . Memory (MB): peak = 1018.051 ; gain = 0.000
---------------------------------------------------------------------------------
Netlist sorting complete. Time (s): cpu = 00:00:00 ; elapsed = 00:00:00.004 . Memory (MB): peak = 1018.051 ; gain = 0.000
INFO: [Project 1-570] Preparing netlist for logic optimization

Processing XDC Constraints
Initializing timing engine
Parsing XDC File [E:/vivado/lab_7_2_multi_8b/lab_7_2_multi_8b.srcs/constrs_1/new/multi_8b.xdc]
WARNING: [Vivado 12-507] No nets matched 'clk_IBUF'. [E:/vivado/lab_7_2_multi_8b/lab_7_2_multi_8b.srcs/constrs_1/new/multi_8b.xdc:1]
CRITICAL WARNING: [Common 17-55] 'set_property' expects at least one object. [E:/vivado/lab_7_2_multi_8b/lab_7_2_multi_8b.srcs/constrs_1/new/multi_8b.xdc:1]
Resolution: If [get_<value>] was used to populate the object, check to make sure this command returns at least one valid object.
Finished Parsing XDC File [E:/vivado/lab_7_2_multi_8b/lab_7_2_multi_8b.srcs/constrs_1/new/multi_8b.xdc]
INFO: [Project 1-236] Implementation specific constraints were found while reading constraint file [E:/vivado/lab_7_2_multi_8b/lab_7_2_multi_8b.srcs/constrs_1/new/multi_8b.xdc]. These constraints will be ignored for synthesis but will be used in implementation. Impacted constraints are listed in the file [.Xil/multi_8b_propImpl.xdc].
Resolution: To avoid this warning, move constraints listed in [.Xil/multi_8b_propImpl.xdc] to another XDC file and exclude this new file from synthesis with the used_in_synthesis property (File Properties dialog in GUI) and re-run elaboration/synthesis.
Completed Processing XDC Constraints

Netlist sorting complete. Time (s): cpu = 00:00:00 ; elapsed = 00:00:00 . Memory (MB): peak = 1066.199 ; gain = 0.000
INFO: [Project 1-111] Unisim Transformation Summary:
No Unisim elements were transformed.

Constraint Validation Runtime : Time (s): cpu = 00:00:00 ; elapsed = 00:00:00.002 . Memory (MB): peak = 1066.199 ; gain = 0.000
---------------------------------------------------------------------------------
Finished Constraint Validation : Time (s): cpu = 00:00:07 ; elapsed = 00:00:12 . Memory (MB): peak = 1066.199 ; gain = 48.148
---------------------------------------------------------------------------------
---------------------------------------------------------------------------------
Start Loading Part and Timing Information
---------------------------------------------------------------------------------
Loading part: xc7a100tcsg324-1
---------------------------------------------------------------------------------
Finished Loading Part and Timing Information : Time (s): cpu = 00:00:07 ; elapsed = 00:00:12 . Memory (MB): peak = 1066.199 ; gain = 48.148
---------------------------------------------------------------------------------
---------------------------------------------------------------------------------
Start Applying 'set_property' XDC Constraints
---------------------------------------------------------------------------------
---------------------------------------------------------------------------------
Finished applying 'set_property' XDC Constraints : Time (s): cpu = 00:00:07 ; elapsed = 00:00:12 . Memory (MB): peak = 1066.199 ; gain = 48.148
---------------------------------------------------------------------------------
---------------------------------------------------------------------------------
Finished RTL Optimization Phase 2 : Time (s): cpu = 00:00:07 ; elapsed = 00:00:13 . Memory (MB): peak = 1066.199 ; gain = 48.148
---------------------------------------------------------------------------------
---------------------------------------------------------------------------------
Start RTL Component Statistics 
---------------------------------------------------------------------------------
Detailed RTL Component Info : 
+---Adders : 
	   3 Input   32 Bit       Adders := 1     
	   2 Input    8 Bit       Adders := 1     
	   2 Input    4 Bit       Adders := 1     
+---XORs : 
	   3 Input      1 Bit         XORs := 32    
+---Registers : 
	                9 Bit    Registers := 1     
	                8 Bit    Registers := 2     
	                4 Bit    Registers := 1     
+---Muxes : 
	   2 Input    9 Bit        Muxes := 2     
	   3 Input    9 Bit        Muxes := 1     
	   2 Input    8 Bit        Muxes := 2     
	   3 Input    8 Bit        Muxes := 1     
	   2 Input    4 Bit        Muxes := 1     
	   2 Input    3 Bit        Muxes := 1     
	   2 Input    1 Bit        Muxes := 4     
	   5 Input    1 Bit        Muxes := 1     
---------------------------------------------------------------------------------
Finished RTL Component Statistics 
---------------------------------------------------------------------------------
---------------------------------------------------------------------------------
Start Part Resource Summary
---------------------------------------------------------------------------------
Part Resources:
DSPs: 240 (col length:80)
BRAMs: 270 (col length: RAMB18 80 RAMB36 40)
---------------------------------------------------------------------------------
Finished Part Resource Summary
---------------------------------------------------------------------------------
---------------------------------------------------------------------------------
Start Cross Boundary and Area Optimization
---------------------------------------------------------------------------------
---------------------------------------------------------------------------------
Finished Cross Boundary and Area Optimization : Time (s): cpu = 00:00:08 ; elapsed = 00:00:14 . Memory (MB): peak = 1066.199 ; gain = 48.148
---------------------------------------------------------------------------------
---------------------------------------------------------------------------------
Start Applying XDC Timing Constraints
---------------------------------------------------------------------------------
---------------------------------------------------------------------------------
Finished Applying XDC Timing Constraints : Time (s): cpu = 00:00:12 ; elapsed = 00:00:20 . Memory (MB): peak = 1066.199 ; gain = 48.148
---------------------------------------------------------------------------------
---------------------------------------------------------------------------------
Start Timing Optimization
---------------------------------------------------------------------------------
---------------------------------------------------------------------------------
Finished Timing Optimization : Time (s): cpu = 00:00:12 ; elapsed = 00:00:20 . Memory (MB): peak = 1066.199 ; gain = 48.148
---------------------------------------------------------------------------------
---------------------------------------------------------------------------------
Start Technology Mapping
---------------------------------------------------------------------------------
---------------------------------------------------------------------------------
Finished Technology Mapping : Time (s): cpu = 00:00:12 ; elapsed = 00:00:20 . Memory (MB): peak = 1071.680 ; gain = 53.629
---------------------------------------------------------------------------------
---------------------------------------------------------------------------------
Start IO Insertion
---------------------------------------------------------------------------------
---------------------------------------------------------------------------------
Start Flattening Before IO Insertion
---------------------------------------------------------------------------------
---------------------------------------------------------------------------------
Finished Flattening Before IO Insertion
---------------------------------------------------------------------------------
---------------------------------------------------------------------------------
Start Final Netlist Cleanup
---------------------------------------------------------------------------------
---------------------------------------------------------------------------------
Finished Final Netlist Cleanup
---------------------------------------------------------------------------------
---------------------------------------------------------------------------------
Finished IO Insertion : Time (s): cpu = 00:00:14 ; elapsed = 00:00:24 . Memory (MB): peak = 1078.457 ; gain = 60.406
---------------------------------------------------------------------------------
---------------------------------------------------------------------------------
Start Renaming Generated Instances
---------------------------------------------------------------------------------
---------------------------------------------------------------------------------
Finished Renaming Generated Instances : Time (s): cpu = 00:00:14 ; elapsed = 00:00:24 . Memory (MB): peak = 1078.457 ; gain = 60.406
---------------------------------------------------------------------------------
---------------------------------------------------------------------------------
Start Rebuilding User Hierarchy
---------------------------------------------------------------------------------
---------------------------------------------------------------------------------
Finished Rebuilding User Hierarchy : Time (s): cpu = 00:00:14 ; elapsed = 00:00:24 . Memory (MB): peak = 1078.457 ; gain = 60.406
---------------------------------------------------------------------------------
---------------------------------------------------------------------------------
Start Renaming Generated Ports
---------------------------------------------------------------------------------
---------------------------------------------------------------------------------
Finished Renaming Generated Ports : Time (s): cpu = 00:00:14 ; elapsed = 00:00:24 . Memory (MB): peak = 1078.457 ; gain = 60.406
---------------------------------------------------------------------------------
---------------------------------------------------------------------------------
Start Handling Custom Attributes
---------------------------------------------------------------------------------
---------------------------------------------------------------------------------
Finished Handling Custom Attributes : Time (s): cpu = 00:00:14 ; elapsed = 00:00:24 . Memory (MB): peak = 1078.457 ; gain = 60.406
---------------------------------------------------------------------------------
---------------------------------------------------------------------------------
Start Renaming Generated Nets
---------------------------------------------------------------------------------
---------------------------------------------------------------------------------
Finished Renaming Generated Nets : Time (s): cpu = 00:00:14 ; elapsed = 00:00:24 . Memory (MB): peak = 1078.457 ; gain = 60.406
---------------------------------------------------------------------------------
---------------------------------------------------------------------------------
Start Writing Synthesis Report
---------------------------------------------------------------------------------

Report BlackBoxes: 
+-+--------------+----------+
| |BlackBox name |Instances |
+-+--------------+----------+
+-+--------------+----------+

Report Cell Usage: 
+------+-------+------+
|      |Cell   |Count |
+------+-------+------+
|1     |BUFG   |     1|
|2     |CARRY4 |     4|
|3     |LUT2   |    17|
|4     |LUT3   |     8|
|5     |LUT4   |     2|
|6     |LUT5   |     9|
|7     |LUT6   |     5|
|8     |FDRE   |    28|
|9     |IBUF   |    19|
|10    |OBUF   |    17|
+------+-------+------+
---------------------------------------------------------------------------------
Finished Writing Synthesis Report : Time (s): cpu = 00:00:14 ; elapsed = 00:00:24 . Memory (MB): peak = 1078.457 ; gain = 60.406
---------------------------------------------------------------------------------
Synthesis finished with 0 errors, 0 critical warnings and 0 warnings.
Synthesis Optimization Runtime : Time (s): cpu = 00:00:09 ; elapsed = 00:00:22 . Memory (MB): peak = 1078.457 ; gain = 12.258
Synthesis Optimization Complete : Time (s): cpu = 00:00:14 ; elapsed = 00:00:24 . Memory (MB): peak = 1078.457 ; gain = 60.406
INFO: [Project 1-571] Translating synthesized netlist
Netlist sorting complete. Time (s): cpu = 00:00:00 ; elapsed = 00:00:00.001 . Memory (MB): peak = 1090.574 ; gain = 0.000
INFO: [Netlist 29-17] Analyzing 4 Unisim elements for replacement
INFO: [Netlist 29-28] Unisim Transformation completed in 0 CPU seconds
INFO: [Project 1-570] Preparing netlist for logic optimization
INFO: [Opt 31-138] Pushed 0 inverter(s) to 0 load pin(s).
Netlist sorting complete. Time (s): cpu = 00:00:00 ; elapsed = 00:00:00 . Memory (MB): peak = 1091.543 ; gain = 0.000
INFO: [Project 1-111] Unisim Transformation Summary:
No Unisim elements were transformed.

INFO: [Common 17-83] Releasing license: Synthesis
29 Infos, 1 Warnings, 1 Critical Warnings and 0 Errors encountered.
synth_design completed successfully
synth_design: Time (s): cpu = 00:00:17 ; elapsed = 00:00:31 . Memory (MB): peak = 1091.543 ; gain = 73.492
INFO: [runtcl-6] Synthesis results are not added to the cache due to CRITICAL_WARNING
INFO: [Common 17-1381] The checkpoint 'E:/vivado/lab_7_2_multi_8b/lab_7_2_multi_8b.runs/synth_1/multi_8b.dcp' has been generated.
INFO: [runtcl-4] Executing : report_utilization -file multi_8b_utilization_synth.rpt -pb multi_8b_utilization_synth.pb
INFO: [Common 17-206] Exiting Vivado at Fri Oct 21 19:56:22 2022...
