
*** Running vivado
    with args -log inoutlab.vds -m64 -product Vivado -mode batch -messageDb vivado.pb -notrace -source inoutlab.tcl



****** Vivado v2020.2 (64-bit)
  **** SW Build 3064766 on Wed Nov 18 09:12:45 MST 2020
  **** IP Build 3064653 on Wed Nov 18 14:17:31 MST 2020
    ** Copyright 1986-2020 Xilinx, Inc. All Rights Reserved.

source inoutlab.tcl -notrace
Command: synth_design -top inoutlab -part xc7a100tcsg324-1
Starting synth_design
Attempting to get a license for feature 'Synthesis' and/or device 'xc7a100t'
INFO: [Common 17-349] Got license for feature 'Synthesis' and/or device 'xc7a100t'
INFO: [Device 21-403] Loading part xc7a100tcsg324-1
INFO: [Synth 8-7079] Multithreading enabled for synth_design using a maximum of 2 processes.
INFO: [Synth 8-7078] Launching helper process for spawning children vivado processes
INFO: [Synth 8-7075] Helper process launched with PID 1372
---------------------------------------------------------------------------------
Starting RTL Elaboration : Time (s): cpu = 00:00:03 ; elapsed = 00:00:04 . Memory (MB): peak = 1016.027 ; gain = 0.000
---------------------------------------------------------------------------------
INFO: [Synth 8-6157] synthesizing module 'inoutlab' [E:/vivado/lab_9_inoutlab/lab_9_inoutlab.srcs/sources_1/new/inoutlab.v:22]
INFO: [Synth 8-6157] synthesizing module 'PS2Receiver' [E:/vivado/lab9/lab9/PS2Receiver.v:3]
INFO: [Synth 8-6157] synthesizing module 'debouncer' [E:/vivado/lab9/lab9/debouncer.v:21]
INFO: [Synth 8-6155] done synthesizing module 'debouncer' (1#1) [E:/vivado/lab9/lab9/debouncer.v:21]
INFO: [Synth 8-155] case statement is not full and has no default [E:/vivado/lab9/lab9/PS2Receiver.v:35]
INFO: [Synth 8-6155] done synthesizing module 'PS2Receiver' (2#1) [E:/vivado/lab9/lab9/PS2Receiver.v:3]
WARNING: [Synth 8-7071] port 'key' of module 'PS2Receiver' is unconnected for instance 'kbscancode' [E:/vivado/lab_9_inoutlab/lab_9_inoutlab.srcs/sources_1/new/inoutlab.v:56]
WARNING: [Synth 8-7023] instance 'kbscancode' of module 'PS2Receiver' has 6 connections declared, but only 5 given [E:/vivado/lab_9_inoutlab/lab_9_inoutlab.srcs/sources_1/new/inoutlab.v:56]
INFO: [Synth 8-6157] synthesizing module 'scancode_to_ascii' [E:/vivado/lab9/lab9/scancode_to_ascii.v:23]
INFO: [Synth 8-3876] $readmem data file 'E:/vivado/lab9/lab9/scancode.txt' is read successfully [E:/vivado/lab9/lab9/scancode_to_ascii.v:29]
INFO: [Synth 8-6155] done synthesizing module 'scancode_to_ascii' (3#1) [E:/vivado/lab9/lab9/scancode_to_ascii.v:23]
INFO: [Synth 8-6157] synthesizing module 'seg7decimal' [E:/vivado/lab9/lab9/seg7decimal.v:23]
INFO: [Synth 8-226] default block is never used [E:/vivado/lab9/lab9/seg7decimal.v:46]
INFO: [Synth 8-226] default block is never used [E:/vivado/lab9/lab9/seg7decimal.v:63]
INFO: [Synth 8-6155] done synthesizing module 'seg7decimal' (4#1) [E:/vivado/lab9/lab9/seg7decimal.v:23]
INFO: [Synth 8-6155] done synthesizing module 'inoutlab' (5#1) [E:/vivado/lab_9_inoutlab/lab_9_inoutlab.srcs/sources_1/new/inoutlab.v:22]
---------------------------------------------------------------------------------
Finished RTL Elaboration : Time (s): cpu = 00:00:04 ; elapsed = 00:00:05 . Memory (MB): peak = 1016.027 ; gain = 0.000
---------------------------------------------------------------------------------
---------------------------------------------------------------------------------
Start Handling Custom Attributes
---------------------------------------------------------------------------------
---------------------------------------------------------------------------------
Finished Handling Custom Attributes : Time (s): cpu = 00:00:04 ; elapsed = 00:00:05 . Memory (MB): peak = 1016.027 ; gain = 0.000
---------------------------------------------------------------------------------
---------------------------------------------------------------------------------
Finished RTL Optimization Phase 1 : Time (s): cpu = 00:00:04 ; elapsed = 00:00:05 . Memory (MB): peak = 1016.027 ; gain = 0.000
---------------------------------------------------------------------------------
Netlist sorting complete. Time (s): cpu = 00:00:00 ; elapsed = 00:00:00.004 . Memory (MB): peak = 1016.027 ; gain = 0.000
INFO: [Project 1-570] Preparing netlist for logic optimization

Processing XDC Constraints
Initializing timing engine
Parsing XDC File [E:/vivado/lab9/lab9/inoutlab.xdc]
WARNING: [Vivado 12-507] No nets matched 'sevenSeg/digit[1]_i_12_n_0'. [E:/vivado/lab9/lab9/inoutlab.xdc:5]
CRITICAL WARNING: [Common 17-55] 'set_property' expects at least one object. [E:/vivado/lab9/lab9/inoutlab.xdc:5]
Resolution: If [get_<value>] was used to populate the object, check to make sure this command returns at least one valid object.
WARNING: [Vivado 12-507] No nets matched 'sevenSeg/digit[3]_i_17[0]'. [E:/vivado/lab9/lab9/inoutlab.xdc:6]
CRITICAL WARNING: [Common 17-55] 'set_property' expects at least one object. [E:/vivado/lab9/lab9/inoutlab.xdc:6]
Resolution: If [get_<value>] was used to populate the object, check to make sure this command returns at least one valid object.
WARNING: [Vivado 12-507] No nets matched 'sevenSeg/digit[3]_i_17[1]'. [E:/vivado/lab9/lab9/inoutlab.xdc:7]
CRITICAL WARNING: [Common 17-55] 'set_property' expects at least one object. [E:/vivado/lab9/lab9/inoutlab.xdc:7]
Resolution: If [get_<value>] was used to populate the object, check to make sure this command returns at least one valid object.
WARNING: [Vivado 12-507] No nets matched 'sevenSeg/digit[3]_i_17[2]'. [E:/vivado/lab9/lab9/inoutlab.xdc:8]
CRITICAL WARNING: [Common 17-55] 'set_property' expects at least one object. [E:/vivado/lab9/lab9/inoutlab.xdc:8]
Resolution: If [get_<value>] was used to populate the object, check to make sure this command returns at least one valid object.
WARNING: [Vivado 12-507] No nets matched 'digit[3]_i_17_n_0'. [E:/vivado/lab9/lab9/inoutlab.xdc:9]
CRITICAL WARNING: [Common 17-55] 'set_property' expects at least one object. [E:/vivado/lab9/lab9/inoutlab.xdc:9]
Resolution: If [get_<value>] was used to populate the object, check to make sure this command returns at least one valid object.
WARNING: [Vivado 12-507] No nets matched 'sevenSeg/digit[3]_i_10_n_0'. [E:/vivado/lab9/lab9/inoutlab.xdc:10]
CRITICAL WARNING: [Common 17-55] 'set_property' expects at least one object. [E:/vivado/lab9/lab9/inoutlab.xdc:10]
Resolution: If [get_<value>] was used to populate the object, check to make sure this command returns at least one valid object.
WARNING: [Vivado 12-507] No nets matched 'sevenSeg/key_count[1]'. [E:/vivado/lab9/lab9/inoutlab.xdc:11]
CRITICAL WARNING: [Common 17-55] 'set_property' expects at least one object. [E:/vivado/lab9/lab9/inoutlab.xdc:11]
Resolution: If [get_<value>] was used to populate the object, check to make sure this command returns at least one valid object.
WARNING: [Vivado 12-507] No nets matched 'sevenSeg/key_count[2]'. [E:/vivado/lab9/lab9/inoutlab.xdc:12]
CRITICAL WARNING: [Common 17-55] 'set_property' expects at least one object. [E:/vivado/lab9/lab9/inoutlab.xdc:12]
Resolution: If [get_<value>] was used to populate the object, check to make sure this command returns at least one valid object.
Finished Parsing XDC File [E:/vivado/lab9/lab9/inoutlab.xdc]
INFO: [Project 1-236] Implementation specific constraints were found while reading constraint file [E:/vivado/lab9/lab9/inoutlab.xdc]. These constraints will be ignored for synthesis but will be used in implementation. Impacted constraints are listed in the file [.Xil/inoutlab_propImpl.xdc].
Resolution: To avoid this warning, move constraints listed in [.Xil/inoutlab_propImpl.xdc] to another XDC file and exclude this new file from synthesis with the used_in_synthesis property (File Properties dialog in GUI) and re-run elaboration/synthesis.
Completed Processing XDC Constraints

Netlist sorting complete. Time (s): cpu = 00:00:00 ; elapsed = 00:00:00 . Memory (MB): peak = 1061.012 ; gain = 0.000
INFO: [Project 1-111] Unisim Transformation Summary:
No Unisim elements were transformed.

Constraint Validation Runtime : Time (s): cpu = 00:00:00 ; elapsed = 00:00:00.002 . Memory (MB): peak = 1061.012 ; gain = 0.000
---------------------------------------------------------------------------------
Finished Constraint Validation : Time (s): cpu = 00:00:09 ; elapsed = 00:00:11 . Memory (MB): peak = 1061.012 ; gain = 44.984
---------------------------------------------------------------------------------
---------------------------------------------------------------------------------
Start Loading Part and Timing Information
---------------------------------------------------------------------------------
Loading part: xc7a100tcsg324-1
---------------------------------------------------------------------------------
Finished Loading Part and Timing Information : Time (s): cpu = 00:00:09 ; elapsed = 00:00:11 . Memory (MB): peak = 1061.012 ; gain = 44.984
---------------------------------------------------------------------------------
---------------------------------------------------------------------------------
Start Applying 'set_property' XDC Constraints
---------------------------------------------------------------------------------
---------------------------------------------------------------------------------
Finished applying 'set_property' XDC Constraints : Time (s): cpu = 00:00:09 ; elapsed = 00:00:11 . Memory (MB): peak = 1061.012 ; gain = 44.984
---------------------------------------------------------------------------------
---------------------------------------------------------------------------------
Finished RTL Optimization Phase 2 : Time (s): cpu = 00:00:10 ; elapsed = 00:00:12 . Memory (MB): peak = 1061.012 ; gain = 44.984
---------------------------------------------------------------------------------
---------------------------------------------------------------------------------
Start RTL Component Statistics 
---------------------------------------------------------------------------------
Detailed RTL Component Info : 
+---Adders : 
	   2 Input    8 Bit       Adders := 1     
	   2 Input    5 Bit       Adders := 2     
	   2 Input    4 Bit       Adders := 1     
+---Registers : 
	                8 Bit    Registers := 6     
	                5 Bit    Registers := 2     
	                4 Bit    Registers := 2     
	                1 Bit    Registers := 14    
+---Muxes : 
	 257 Input    8 Bit        Muxes := 1     
	   2 Input    8 Bit        Muxes := 1     
	   2 Input    4 Bit        Muxes := 1     
	   2 Input    1 Bit        Muxes := 23    
	   3 Input    1 Bit        Muxes := 2     
	  12 Input    1 Bit        Muxes := 2     
	   5 Input    1 Bit        Muxes := 3     
	   4 Input    1 Bit        Muxes := 1     
---------------------------------------------------------------------------------
Finished RTL Component Statistics 
---------------------------------------------------------------------------------
---------------------------------------------------------------------------------
Start Part Resource Summary
---------------------------------------------------------------------------------
Part Resources:
DSPs: 240 (col length:80)
BRAMs: 270 (col length: RAMB18 80 RAMB36 40)
---------------------------------------------------------------------------------
Finished Part Resource Summary
---------------------------------------------------------------------------------
---------------------------------------------------------------------------------
Start Cross Boundary and Area Optimization
---------------------------------------------------------------------------------
---------------------------------------------------------------------------------
Finished Cross Boundary and Area Optimization : Time (s): cpu = 00:00:11 ; elapsed = 00:00:14 . Memory (MB): peak = 1061.012 ; gain = 44.984
---------------------------------------------------------------------------------
---------------------------------------------------------------------------------
Start Applying XDC Timing Constraints
---------------------------------------------------------------------------------
---------------------------------------------------------------------------------
Finished Applying XDC Timing Constraints : Time (s): cpu = 00:00:16 ; elapsed = 00:00:19 . Memory (MB): peak = 1061.012 ; gain = 44.984
---------------------------------------------------------------------------------
---------------------------------------------------------------------------------
Start Timing Optimization
---------------------------------------------------------------------------------
---------------------------------------------------------------------------------
Finished Timing Optimization : Time (s): cpu = 00:00:16 ; elapsed = 00:00:19 . Memory (MB): peak = 1078.535 ; gain = 62.508
---------------------------------------------------------------------------------
---------------------------------------------------------------------------------
Start Technology Mapping
---------------------------------------------------------------------------------
---------------------------------------------------------------------------------
Finished Technology Mapping : Time (s): cpu = 00:00:16 ; elapsed = 00:00:19 . Memory (MB): peak = 1088.348 ; gain = 72.320
---------------------------------------------------------------------------------
---------------------------------------------------------------------------------
Start IO Insertion
---------------------------------------------------------------------------------
---------------------------------------------------------------------------------
Start Flattening Before IO Insertion
---------------------------------------------------------------------------------
---------------------------------------------------------------------------------
Finished Flattening Before IO Insertion
---------------------------------------------------------------------------------
---------------------------------------------------------------------------------
Start Final Netlist Cleanup
---------------------------------------------------------------------------------
---------------------------------------------------------------------------------
Finished Final Netlist Cleanup
---------------------------------------------------------------------------------
---------------------------------------------------------------------------------
Finished IO Insertion : Time (s): cpu = 00:00:19 ; elapsed = 00:00:22 . Memory (MB): peak = 1088.348 ; gain = 72.320
---------------------------------------------------------------------------------
---------------------------------------------------------------------------------
Start Renaming Generated Instances
---------------------------------------------------------------------------------
---------------------------------------------------------------------------------
Finished Renaming Generated Instances : Time (s): cpu = 00:00:19 ; elapsed = 00:00:22 . Memory (MB): peak = 1088.348 ; gain = 72.320
---------------------------------------------------------------------------------
---------------------------------------------------------------------------------
Start Rebuilding User Hierarchy
---------------------------------------------------------------------------------
---------------------------------------------------------------------------------
Finished Rebuilding User Hierarchy : Time (s): cpu = 00:00:19 ; elapsed = 00:00:22 . Memory (MB): peak = 1088.348 ; gain = 72.320
---------------------------------------------------------------------------------
---------------------------------------------------------------------------------
Start Renaming Generated Ports
---------------------------------------------------------------------------------
---------------------------------------------------------------------------------
Finished Renaming Generated Ports : Time (s): cpu = 00:00:19 ; elapsed = 00:00:22 . Memory (MB): peak = 1088.348 ; gain = 72.320
---------------------------------------------------------------------------------
---------------------------------------------------------------------------------
Start Handling Custom Attributes
---------------------------------------------------------------------------------
---------------------------------------------------------------------------------
Finished Handling Custom Attributes : Time (s): cpu = 00:00:19 ; elapsed = 00:00:22 . Memory (MB): peak = 1088.348 ; gain = 72.320
---------------------------------------------------------------------------------
---------------------------------------------------------------------------------
Start Renaming Generated Nets
---------------------------------------------------------------------------------
---------------------------------------------------------------------------------
Finished Renaming Generated Nets : Time (s): cpu = 00:00:19 ; elapsed = 00:00:22 . Memory (MB): peak = 1088.348 ; gain = 72.320
---------------------------------------------------------------------------------
---------------------------------------------------------------------------------
Start Writing Synthesis Report
---------------------------------------------------------------------------------

Report BlackBoxes: 
+-+--------------+----------+
| |BlackBox name |Instances |
+-+--------------+----------+
+-+--------------+----------+

Report Cell Usage: 
+------+-------+------+
|      |Cell   |Count |
+------+-------+------+
|1     |BUFG   |     2|
|2     |CARRY4 |     4|
|3     |LUT1   |     6|
|4     |LUT2   |     7|
|5     |LUT3   |    18|
|6     |LUT4   |    20|
|7     |LUT5   |     9|
|8     |LUT6   |    51|
|9     |MUXF7  |    11|
|10    |FDRE   |    93|
|11    |FDSE   |     1|
|12    |IBUF   |     4|
|13    |OBUF   |    30|
|14    |OBUFT  |     2|
+------+-------+------+
---------------------------------------------------------------------------------
Finished Writing Synthesis Report : Time (s): cpu = 00:00:19 ; elapsed = 00:00:22 . Memory (MB): peak = 1088.348 ; gain = 72.320
---------------------------------------------------------------------------------
Synthesis finished with 0 errors, 0 critical warnings and 0 warnings.
Synthesis Optimization Runtime : Time (s): cpu = 00:00:13 ; elapsed = 00:00:20 . Memory (MB): peak = 1088.348 ; gain = 27.336
Synthesis Optimization Complete : Time (s): cpu = 00:00:19 ; elapsed = 00:00:23 . Memory (MB): peak = 1088.348 ; gain = 72.320
INFO: [Project 1-571] Translating synthesized netlist
Netlist sorting complete. Time (s): cpu = 00:00:00 ; elapsed = 00:00:00.002 . Memory (MB): peak = 1094.297 ; gain = 0.000
INFO: [Netlist 29-17] Analyzing 15 Unisim elements for replacement
INFO: [Netlist 29-28] Unisim Transformation completed in 0 CPU seconds
INFO: [Project 1-570] Preparing netlist for logic optimization
INFO: [Opt 31-138] Pushed 0 inverter(s) to 0 load pin(s).
Netlist sorting complete. Time (s): cpu = 00:00:00 ; elapsed = 00:00:00 . Memory (MB): peak = 1094.297 ; gain = 0.000
INFO: [Project 1-111] Unisim Transformation Summary:
No Unisim elements were transformed.

INFO: [Common 17-83] Releasing license: Synthesis
29 Infos, 10 Warnings, 8 Critical Warnings and 0 Errors encountered.
synth_design completed successfully
synth_design: Time (s): cpu = 00:00:24 ; elapsed = 00:00:30 . Memory (MB): peak = 1094.297 ; gain = 78.270
INFO: [runtcl-6] Synthesis results are not added to the cache due to CRITICAL_WARNING
INFO: [Common 17-1381] The checkpoint 'E:/vivado/lab_9_inoutlab/lab_9_inoutlab.runs/synth_1/inoutlab.dcp' has been generated.
INFO: [runtcl-4] Executing : report_utilization -file inoutlab_utilization_synth.rpt -pb inoutlab_utilization_synth.pb
INFO: [Common 17-206] Exiting Vivado at Tue Nov  8 20:47:52 2022...
