#-----------------------------------------------------------
# Vivado v2020.2 (64-bit)
# SW Build 3064766 on Wed Nov 18 09:12:45 MST 2020
# IP Build 3064653 on Wed Nov 18 14:17:31 MST 2020
# Start of session at: Mon Oct  3 21:37:54 2022
# Process ID: 15108
# Current directory: E:/vivado/lab_4_2_8reg
# Command line: vivado.exe -gui_launcher_event rodinguilauncherevent16064 E:\vivado\lab_4_2_8reg\lab_4_2_8reg.xpr
# Log file: E:/vivado/lab_4_2_8reg/vivado.log
# Journal file: E:/vivado/lab_4_2_8reg\vivado.jou
#-----------------------------------------------------------
start_gui
open_project E:/vivado/lab_4_2_8reg/lab_4_2_8reg.xpr
WARNING: [filemgmt 56-3] Default IP Output Path : Could not find the directory 'E:/vivado/lab_4_2_8reg/lab_4_2_8reg.gen/sources_1'.
Scanning sources...
Finished scanning sources
INFO: [IP_Flow 19-234] Refreshing IP repositories
INFO: [IP_Flow 19-1704] No user IP repositories specified
INFO: [IP_Flow 19-2313] Loaded Vivado IP repository 'D:/Vivado/2020.2/data/ip'.
open_project: Time (s): cpu = 00:00:06 ; elapsed = 00:00:05 . Memory (MB): peak = 1017.520 ; gain = 0.000
update_compile_order -fileset sources_1
exit
INFO: [Common 17-206] Exiting Vivado at Mon Oct  3 22:19:18 2022...
